<?xml version="1.0" encoding="UTF-8"?>
<!-- Generated by org.testng.reporters.JUnitReportReporter -->
<testsuite hostname="INBANWL005193" failures="0" tests="1" name="com.mycompany.app.TestJava" time="0.002" errors="0" timestamp="2019-12-24T11:19:56 IST" skipped="0">
  <testcase classname="com.mycompany.app.TestJava" name="javaTestCode" time="0.002"/>
</testsuite> <!-- com.mycompany.app.TestJava -->
