<?xml version="1.0" encoding="UTF-8"?>
<!-- Generated by org.testng.reporters.JUnitReportReporter -->
<testsuite hostname="INBANWL005193" failures="0" tests="1" name="com.mycompany.app.SeleniumTest" time="0.026" errors="0" timestamp="24 Dec 2019 07:30:28 GMT" skipped="0">
  <testcase classname="com.mycompany.app.SeleniumTest" name="seleniumTestCode" time="0.026"/>
</testsuite> <!-- com.mycompany.app.SeleniumTest -->
