<?xml version="1.0" encoding="UTF-8"?>
<!-- Generated by org.testng.reporters.JUnitReportReporter -->
<testsuite hostname="INBANWL005193" failures="0" tests="1" name="com.mycompany.app.TestAppium" time="0.000" errors="0" timestamp="24 Dec 2019 07:29:11 GMT" skipped="0">
  <testcase classname="com.mycompany.app.TestAppium" name="appiumTestCode" time="0.000"/>
</testsuite> <!-- com.mycompany.app.TestAppium -->
