<?xml version="1.0" encoding="UTF-8"?>
<!-- Generated by org.testng.reporters.JUnitReportReporter -->
<testsuite hostname="INBANWL005193" failures="0" tests="1" name="com.mycompany.app.JavaTest" time="0.000" errors="0" timestamp="24 Dec 2019 02:54:16 GMT" skipped="0">
  <testcase classname="com.mycompany.app.JavaTest" name="javaTestCode" time="0.000"/>
</testsuite> <!-- com.mycompany.app.JavaTest -->
